<?xml version="1.0" encoding="UTF-8"?>
<!-- Generated by org.testng.reporters.JUnitReportReporter -->
<testsuite skipped="0" hostname="LAKSHAN-JAYATILAKE" name="com.selenium.test.TestSelenium2" tests="1" failures="0" timestamp="2020-01-11T07:30:46 IST" time="5.681" errors="0">
  <testcase name="initiate1" time="5.681" classname="com.selenium.test.TestSelenium2"/>
  <system-out/>
</testsuite> <!-- com.selenium.test.TestSelenium2 -->
